-------------------------------------------------------------------------------
Test set: TestPasswordGenerator
-------------------------------------------------------------------------------
Tests run: 1, Failures: 0, Errors: 1, Skipped: 0, Time elapsed: 0.081 sec <<< FAILURE!
generatePassword(TestPasswordGenerator)  Time elapsed: 0.015 sec  <<< ERROR!
java.util.regex.PatternSyntaxException: Unclosed character class near index 36
([a-zA-Z0-9!@#$%^&*()_+-=[]|,./?><]+)
                                    ^
	at java.base/java.util.regex.Pattern.error(Pattern.java:2045)
	at java.base/java.util.regex.Pattern.clazz(Pattern.java:2709)
	at java.base/java.util.regex.Pattern.sequence(Pattern.java:2156)
	at java.base/java.util.regex.Pattern.expr(Pattern.java:2086)
	at java.base/java.util.regex.Pattern.group0(Pattern.java:3069)
	at java.base/java.util.regex.Pattern.sequence(Pattern.java:2141)
	at java.base/java.util.regex.Pattern.expr(Pattern.java:2086)
	at java.base/java.util.regex.Pattern.compile(Pattern.java:1798)
	at java.base/java.util.regex.Pattern.<init>(Pattern.java:1445)
	at java.base/java.util.regex.Pattern.compile(Pattern.java:1084)
	at java.base/java.util.regex.Pattern.matches(Pattern.java:1189)
	at java.base/java.lang.String.matches(String.java:2850)
	at TestPasswordGenerator.generatePassword(TestPasswordGenerator.java:42)
	at java.base/jdk.internal.reflect.DirectMethodHandleAccessor.invoke(DirectMethodHandleAccessor.java:104)
	at java.base/java.lang.reflect.Method.invoke(Method.java:578)
	at org.junit.runners.model.FrameworkMethod$1.runReflectiveCall(FrameworkMethod.java:59)
	at org.junit.internal.runners.model.ReflectiveCallable.run(ReflectiveCallable.java:12)
	at org.junit.runners.model.FrameworkMethod.invokeExplosively(FrameworkMethod.java:56)
	at org.junit.internal.runners.statements.InvokeMethod.evaluate(InvokeMethod.java:17)
	at org.junit.runners.ParentRunner$3.evaluate(ParentRunner.java:306)
	at org.junit.runners.BlockJUnit4ClassRunner$1.evaluate(BlockJUnit4ClassRunner.java:100)
	at org.junit.runners.ParentRunner.runLeaf(ParentRunner.java:366)
	at org.junit.runners.BlockJUnit4ClassRunner.runChild(BlockJUnit4ClassRunner.java:103)
	at org.junit.runners.BlockJUnit4ClassRunner.runChild(BlockJUnit4ClassRunner.java:63)
	at org.junit.runners.ParentRunner$4.run(ParentRunner.java:331)
	at org.junit.runners.ParentRunner$1.schedule(ParentRunner.java:79)
	at org.junit.runners.ParentRunner.runChildren(ParentRunner.java:329)
	at org.junit.runners.ParentRunner.access$100(ParentRunner.java:66)
	at org.junit.runners.ParentRunner$2.evaluate(ParentRunner.java:293)
	at org.junit.runners.ParentRunner$3.evaluate(ParentRunner.java:306)
	at org.junit.runners.ParentRunner.run(ParentRunner.java:413)
	at org.apache.maven.surefire.junit4.JUnit4Provider.execute(JUnit4Provider.java:252)
	at org.apache.maven.surefire.junit4.JUnit4Provider.executeTestSet(JUnit4Provider.java:141)
	at org.apache.maven.surefire.junit4.JUnit4Provider.invoke(JUnit4Provider.java:112)
	at java.base/jdk.internal.reflect.DirectMethodHandleAccessor.invoke(DirectMethodHandleAccessor.java:104)
	at java.base/java.lang.reflect.Method.invoke(Method.java:578)
	at org.apache.maven.surefire.util.ReflectionUtils.invokeMethodWithArray(ReflectionUtils.java:189)
	at org.apache.maven.surefire.booter.ProviderFactory$ProviderProxy.invoke(ProviderFactory.java:165)
	at org.apache.maven.surefire.booter.ProviderFactory.invokeProvider(ProviderFactory.java:85)
	at org.apache.maven.surefire.booter.ForkedBooter.runSuitesInProcess(ForkedBooter.java:115)
	at org.apache.maven.surefire.booter.ForkedBooter.main(ForkedBooter.java:75)

